<?xml version="1.0" encoding="UTF-8"?>
<testsuite name="com.aor.numbers.ListDeduplicatorTest" tests="2" skipped="0" failures="0" errors="0" timestamp="2022-12-17T17:03:02" hostname="pc-13-137.customer.ask4.lan" time="0.028">
  <properties/>
  <testcase name="distinct_bug_8726()" classname="com.aor.numbers.ListDeduplicatorTest" time="0.024"/>
  <testcase name="deduplicate()" classname="com.aor.numbers.ListDeduplicatorTest" time="0.003"/>
  <system-out><![CDATA[]]></system-out>
  <system-err><![CDATA[]]></system-err>
</testsuite>
