<?xml version="1.0" encoding="UTF-8"?>
<testsuite name="com.aor.numbers.ListFiltererTest" tests="3" skipped="0" failures="0" errors="0" timestamp="2022-12-17T17:03:02" hostname="pc-13-137.customer.ask4.lan" time="0.003">
  <properties/>
  <testcase name="divisible_filter()" classname="com.aor.numbers.ListFiltererTest" time="0.001"/>
  <testcase name="positive_filter()" classname="com.aor.numbers.ListFiltererTest" time="0.0"/>
  <testcase name="divisible_filter_2()" classname="com.aor.numbers.ListFiltererTest" time="0.001"/>
  <system-out><![CDATA[]]></system-out>
  <system-err><![CDATA[]]></system-err>
</testsuite>
