<?xml version="1.0" encoding="UTF-8"?>
<testsuite name="com.aor.numbers.ListSorterTest" tests="2" skipped="0" failures="0" errors="0" timestamp="2022-12-17T17:03:02" hostname="pc-13-137.customer.ask4.lan" time="0.001">
  <properties/>
  <testcase name="another_test()" classname="com.aor.numbers.ListSorterTest" time="0.0"/>
  <testcase name="sort()" classname="com.aor.numbers.ListSorterTest" time="0.001"/>
  <system-out><![CDATA[]]></system-out>
  <system-err><![CDATA[]]></system-err>
</testsuite>
