<?xml version="1.0" encoding="UTF-8"?>
<testsuite name="com.aor.numbers.DivisibleByFilterSpockTest" tests="2" skipped="0" failures="0" errors="0" timestamp="2022-12-17T17:03:00" hostname="pc-13-137.customer.ask4.lan" time="0.559">
  <properties/>
  <testcase name="accept divide by 2" classname="com.aor.numbers.DivisibleByFilterSpockTest" time="0.557"/>
  <testcase name="accept divide by 3" classname="com.aor.numbers.DivisibleByFilterSpockTest" time="0.002"/>
  <system-out><![CDATA[]]></system-out>
  <system-err><![CDATA[]]></system-err>
</testsuite>
