<?xml version="1.0" encoding="UTF-8"?>
<testsuite name="com.aor.numbers.PositiveFilterTest" tests="1" skipped="0" failures="0" errors="0" timestamp="2022-12-17T17:03:02" hostname="pc-13-137.customer.ask4.lan" time="0.004">
  <properties/>
  <testcase name="accept()" classname="com.aor.numbers.PositiveFilterTest" time="0.004"/>
  <system-out><![CDATA[]]></system-out>
  <system-err><![CDATA[]]></system-err>
</testsuite>
